[1026/190017.058:ERROR:process_memory_win.cc(73)] ReadMemory at 0x7ff676a20000 of 64 bytes failed: Only part of a ReadProcessMemory or WriteProcessMemory request was completed. (0x12B)
[1026/190017.059:WARNING:pe_image_reader.cc(340)] could not read dos header from C:\Program Files (x86)\Google\Chrome\Application\chrome.exe
[1026/190017.059:ERROR:process_memory_win.cc(73)] ReadMemory at 0x7ff890e60000 of 64 bytes failed: Only part of a ReadProcessMemory or WriteProcessMemory request was completed. (0x12B)
[1026/190017.059:WARNING:pe_image_reader.cc(340)] could not read dos header from C:\WINDOWS\SYSTEM32\ntdll.dll
[1026/190017.059:ERROR:process_memory_win.cc(73)] ReadMemory at 0x7ff88f320000 of 64 bytes failed: Only part of a ReadProcessMemory or WriteProcessMemory request was completed. (0x12B)
[1026/190017.060:WARNING:pe_image_reader.cc(340)] could not read dos header from C:\WINDOWS\System32\KERNEL32.DLL
[1026/190017.060:ERROR:process_memory_win.cc(73)] ReadMemory at 0x7ff88de50000 of 64 bytes failed: Only part of a ReadProcessMemory or WriteProcessMemory request was completed. (0x12B)
[1026/190017.060:WARNING:pe_image_reader.cc(340)] could not read dos header from C:\WINDOWS\System32\KERNELBASE.dll
[1026/190017.060:ERROR:process_memory_win.cc(73)] ReadMemory at 0x7ff8543f0000 of 64 bytes failed: Only part of a ReadProcessMemory or WriteProcessMemory request was completed. (0x12B)
[1026/190017.060:WARNING:pe_image_reader.cc(340)] could not read dos header from C:\Program Files (x86)\Google\Chrome\Application\78.0.3904.70\chrome_elf.dll
[1026/190017.060:ERROR:process_memory_win.cc(73)] ReadMemory at 0x7ff888210000 of 64 bytes failed: Only part of a ReadProcessMemory or WriteProcessMemory request was completed. (0x12B)
[1026/190017.060:WARNING:pe_image_reader.cc(340)] could not read dos header from C:\WINDOWS\SYSTEM32\VERSION.dll
[1026/190017.060:ERROR:process_memory_win.cc(73)] ReadMemory at 0x7ff8907d0000 of 64 bytes failed: Only part of a ReadProcessMemory or WriteProcessMemory request was completed. (0x12B)
[1026/190017.060:WARNING:pe_image_reader.cc(340)] could not read dos header from C:\WINDOWS\System32\msvcrt.dll
[1026/190017.060:ERROR:process_memory_win.cc(73)] ReadMemory at 0x7ff88ee90000 of 64 bytes failed: Only part of a ReadProcessMemory or WriteProcessMemory request was completed. (0x12B)
[1026/190017.060:WARNING:pe_image_reader.cc(340)] could not read dos header from C:\WINDOWS\System32\bcryptPrimitives.dll
[1026/190017.060:ERROR:process_memory_win.cc(73)] ReadMemory at 0x7ff890ce0000 of 64 bytes failed: Only part of a ReadProcessMemory or WriteProcessMemory request was completed. (0x12B)
[1026/190017.060:WARNING:pe_image_reader.cc(340)] could not read dos header from C:\WINDOWS\System32\ADVAPI32.dll
[1026/190017.060:ERROR:process_memory_win.cc(73)] ReadMemory at 0x7ff890320000 of 64 bytes failed: Only part of a ReadProcessMemory or WriteProcessMemory request was completed. (0x12B)
[1026/190017.060:WARNING:pe_image_reader.cc(340)] could not read dos header from C:\WINDOWS\System32\sechost.dll
[1026/190017.060:ERROR:process_memory_win.cc(73)] ReadMemory at 0x7ff890190000 of 64 bytes failed: Only part of a ReadProcessMemory or WriteProcessMemory request was completed. (0x12B)
[1026/190017.060:WARNING:pe_image_reader.cc(340)] could not read dos header from C:\WINDOWS\System32\RPCRT4.dll
[1026/190017.060:ERROR:process_memory_win.cc(73)] ReadMemory at 0x7fffe6d00000 of 64 bytes failed: Only part of a ReadProcessMemory or WriteProcessMemory request was completed. (0x12B)
[1026/190017.060:WARNING:pe_image_reader.cc(340)] could not read dos header from C:\Program Files (x86)\Google\Chrome\Application\78.0.3904.70\chrome_child.dll
[1026/190017.060:ERROR:process_memory_win.cc(73)] ReadMemory at 0x7ff88f520000 of 64 bytes failed: Only part of a ReadProcessMemory or WriteProcessMemory request was completed. (0x12B)
[1026/190017.060:WARNING:pe_image_reader.cc(340)] could not read dos header from C:\WINDOWS\System32\OLEAUT32.dll
[1026/190017.060:ERROR:process_memory_win.cc(73)] ReadMemory at 0x7ff88edc0000 of 64 bytes failed: Only part of a ReadProcessMemory or WriteProcessMemory request was completed. (0x12B)
[1026/190017.060:WARNING:pe_image_reader.cc(340)] could not read dos header from C:\WINDOWS\System32\msvcp_win.dll
[1026/190017.060:ERROR:process_memory_win.cc(73)] ReadMemory at 0x7ff88e150000 of 64 bytes failed: Only part of a ReadProcessMemory or WriteProcessMemory request was completed. (0x12B)
[1026/190017.060:WARNING:pe_image_reader.cc(340)] could not read dos header from C:\WINDOWS\System32\ucrtbase.dll
[1026/190017.060:ERROR:process_memory_win.cc(73)] ReadMemory at 0x7ff88f760000 of 64 bytes failed: Only part of a ReadProcessMemory or WriteProcessMemory request was completed. (0x12B)
[1026/190017.061:WARNING:pe_image_reader.cc(340)] could not read dos header from C:\WINDOWS\System32\combase.dll
[1026/190017.061:ERROR:process_memory_win.cc(73)] ReadMemory at 0x7ff8902b0000 of 64 bytes failed: Only part of a ReadProcessMemory or WriteProcessMemory request was completed. (0x12B)
[1026/190017.061:WARNING:pe_image_reader.cc(340)] could not read dos header from C:\WINDOWS\System32\WS2_32.dll
[1026/190017.061:ERROR:process_memory_win.cc(73)] ReadMemory at 0x7ff88ddf0000 of 64 bytes failed: Only part of a ReadProcessMemory or WriteProcessMemory request was completed. (0x12B)
[1026/190017.061:WARNING:pe_image_reader.cc(340)] could not read dos header from C:\WINDOWS\System32\WINTRUST.dll
[1026/190017.061:ERROR:process_memory_win.cc(73)] ReadMemory at 0x7ff88dd40000 of 64 bytes failed: Only part of a ReadProcessMemory or WriteProcessMemory request was completed. (0x12B)
[1026/190017.061:WARNING:pe_image_reader.cc(340)] could not read dos header from C:\WINDOWS\System32\MSASN1.dll
[1026/190017.061:ERROR:process_memory_win.cc(73)] ReadMemory at 0x7ff88e250000 of 64 bytes failed: Only part of a ReadProcessMemory or WriteProcessMemory request was completed. (0x12B)
[1026/190017.061:WARNING:pe_image_reader.cc(340)] could not read dos header from C:\WINDOWS\System32\CRYPT32.dll
[1026/190017.061:ERROR:process_memory_win.cc(73)] ReadMemory at 0x7ff88d2b0000 of 64 bytes failed: Only part of a ReadProcessMemory or WriteProcessMemory request was completed. (0x12B)
[1026/190017.061:WARNING:pe_image_reader.cc(340)] could not read dos header from C:\WINDOWS\SYSTEM32\IPHLPAPI.DLL
[1026/190017.061:ERROR:process_memory_win.cc(73)] ReadMemory at 0x7ff88a1e0000 of 64 bytes failed: Only part of a ReadProcessMemory or WriteProcessMemory request was completed. (0x12B)
[1026/190017.061:WARNING:pe_image_reader.cc(340)] could not read dos header from C:\WINDOWS\SYSTEM32\WINMM.dll
[1026/190017.061:ERROR:process_memory_win.cc(73)] ReadMemory at 0x7ff88dc50000 of 64 bytes failed: Only part of a ReadProcessMemory or WriteProcessMemory request was completed. (0x12B)
[1026/190017.061:WARNING:pe_image_reader.cc(340)] could not read dos header from C:\WINDOWS\SYSTEM32\USERENV.dll
[1026/190017.061:ERROR:process_memory_win.cc(73)] ReadMemory at 0x7ff88dd80000 of 64 bytes failed: Only part of a ReadProcessMemory or WriteProcessMemory request was completed. (0x12B)
[1026/190017.061:WARNING:pe_image_reader.cc(340)] could not read dos header from C:\WINDOWS\System32\profapi.dll
[1026/190017.061:ERROR:process_memory_win.cc(73)] ReadMemory at 0x7ff87b5b0000 of 64 bytes failed: Only part of a ReadProcessMemory or WriteProcessMemory request was completed. (0x12B)
[1026/190017.061:WARNING:pe_image_reader.cc(340)] could not read dos header from C:\WINDOWS\SYSTEM32\DWrite.dll
[1026/190017.061:ERROR:process_memory_win.cc(73)] ReadMemory at 0x7ff8808f0000 of 64 bytes failed: Only part of a ReadProcessMemory or WriteProcessMemory request was completed. (0x12B)
[1026/190017.061:WARNING:pe_image_reader.cc(340)] could not read dos header from C:\WINDOWS\SYSTEM32\WINSPOOL.DRV
[1026/190017.061:ERROR:process_memory_win.cc(73)] ReadMemory at 0x7ff88dd60000 of 64 bytes failed: Only part of a ReadProcessMemory or WriteProcessMemory request was completed. (0x12B)
[1026/190017.061:WARNING:pe_image_reader.cc(340)] could not read dos header from C:\WINDOWS\System32\kernel.appcore.dll
[1026/190017.061:ERROR:process_memory_win.cc(73)] ReadMemory at 0x7ff88e120000 of 64 bytes failed: Only part of a ReadProcessMemory or WriteProcessMemory request was completed. (0x12B)
[1026/190017.061:WARNING:pe_image_reader.cc(340)] could not read dos header from C:\WINDOWS\System32\bcrypt.dll
[1026/190017.062:ERROR:process_memory_win.cc(73)] ReadMemory at 0x7ff88bdc0000 of 64 bytes failed: Only part of a ReadProcessMemory or WriteProcessMemory request was completed. (0x12B)
[1026/190017.062:WARNING:pe_image_reader.cc(340)] could not read dos header from C:\WINDOWS\SYSTEM32\dbghelp.dll
[1026/190017.062:ERROR:process_memory_win.cc(73)] ReadMemory at 0x7ff87f280000 of 64 bytes failed: Only part of a ReadProcessMemory or WriteProcessMemory request was completed. (0x12B)
[1026/190017.062:WARNING:pe_image_reader.cc(340)] could not read dos header from C:\WINDOWS\SYSTEM32\Secur32.dll
[1026/190017.062:ERROR:process_memory_win.cc(73)] ReadMemory at 0x7ff882b80000 of 64 bytes failed: Only part of a ReadProcessMemory or WriteProcessMemory request was completed. (0x12B)
[1026/190017.062:WARNING:pe_image_reader.cc(340)] could not read dos header from C:\WINDOWS\SYSTEM32\WINHTTP.dll
[1026/190017.062:ERROR:process_memory_win.cc(73)] ReadMemory at 0x7ff8857e0000 of 64 bytes failed: Only part of a ReadProcessMemory or WriteProcessMemory request was completed. (0x12B)
[1026/190017.062:WARNING:pe_image_reader.cc(340)] could not read dos header from C:\WINDOWS\SYSTEM32\dhcpcsvc.DLL
[1026/190017.062:ERROR:process_memory_win.cc(73)] ReadMemory at 0x7ff890d90000 of 64 bytes failed: Only part of a ReadProcessMemory or WriteProcessMemory request was completed. (0x12B)
[1026/190017.062:WARNING:pe_image_reader.cc(340)] could not read dos header from C:\WINDOWS\System32\NSI.dll
[1026/190017.062:ERROR:process_memory_win.cc(73)] ReadMemory at 0x7ff88a1b0000 of 64 bytes failed: Only part of a ReadProcessMemory or WriteProcessMemory request was completed. (0x12B)
[1026/190017.062:WARNING:pe_image_reader.cc(340)] could not read dos header from C:\WINDOWS\SYSTEM32\WINMMBASE.dll
[1026/190017.062:ERROR:process_memory_win.cc(73)] ReadMemory at 0x7ff88ed70000 of 64 bytes failed: Only part of a ReadProcessMemory or WriteProcessMemory request was completed. (0x12B)
[1026/190017.062:WARNING:pe_image_reader.cc(340)] could not read dos header from C:\WINDOWS\System32\cfgmgr32.dll
[1026/190017.062:ERROR:process_memory_win.cc(73)] ReadMemory at 0x7ff88bfc0000 of 64 bytes failed: Only part of a ReadProcessMemory or WriteProcessMemory request was completed. (0x12B)
[1026/190017.062:WARNING:pe_image_reader.cc(340)] could not read dos header from C:\WINDOWS\SYSTEM32\PROPSYS.dll
[1026/190017.062:ERROR:process_memory_win.cc(73)] ReadMemory at 0x7ff88f6b0000 of 64 bytes failed: Only part of a ReadProcessMemory or WriteProcessMemory request was completed. (0x12B)
[1026/190017.062:WARNING:pe_image_reader.cc(340)] could not read dos header from C:\WINDOWS\System32\shcore.dll
[1026/190017.062:ERROR:process_memory_win.cc(73)] ReadMemory at 0x7ff88dc20000 of 64 bytes failed: Only part of a ReadProcessMemory or WriteProcessMemory request was completed. (0x12B)
[1026/190017.062:WARNING:pe_image_reader.cc(340)] could not read dos header from C:\WINDOWS\SYSTEM32\SSPICLI.DLL
[1026/190017.062:ERROR:process_memory_win.cc(73)] ReadMemory at 0x7ff88faa0000 of 64 bytes failed: Only part of a ReadProcessMemory or WriteProcessMemory request was completed. (0x12B)
[1026/190017.062:WARNING:pe_image_reader.cc(340)] could not read dos header from C:\WINDOWS\System32\SHELL32.dll
[1026/190017.062:ERROR:process_memory_win.cc(73)] ReadMemory at 0x7ff88e5f0000 of 64 bytes failed: Only part of a ReadProcessMemory or WriteProcessMemory request was completed. (0x12B)
[1026/190017.062:WARNING:pe_image_reader.cc(340)] could not read dos header from C:\WINDOWS\System32\windows.storage.dll
[1026/190017.062:ERROR:process_memory_win.cc(73)] ReadMemory at 0x7ff88dda0000 of 64 bytes failed: Only part of a ReadProcessMemory or WriteProcessMemory request was completed. (0x12B)
[1026/190017.062:WARNING:pe_image_reader.cc(340)] could not read dos header from C:\WINDOWS\System32\powrprof.dll
[1026/190017.062:ERROR:process_memory_win.cc(73)] ReadMemory at 0x7ff88dd30000 of 64 bytes failed: Only part of a ReadProcessMemory or WriteProcessMemory request was completed. (0x12B)
[1026/190017.062:WARNING:pe_image_reader.cc(340)] could not read dos header from C:\WINDOWS\System32\UMPDC.dll
[1026/190017.062:ERROR:process_memory_win.cc(73)] ReadMemory at 0x7ff88ef80000 of 64 bytes failed: Only part of a ReadProcessMemory or WriteProcessMemory request was completed. (0x12B)
[1026/190017.062:WARNING:pe_image_reader.cc(340)] could not read dos header from C:\WINDOWS\System32\shlwapi.dll
[1026/190017.062:ERROR:process_memory_win.cc(73)] ReadMemory at 0x7ff88f2f0000 of 64 bytes failed: Only part of a ReadProcessMemory or WriteProcessMemory request was completed. (0x12B)
[1026/190017.062:WARNING:pe_image_reader.cc(340)] could not read dos header from C:\WINDOWS\System32\GDI32.dll
[1026/190017.063:ERROR:process_memory_win.cc(73)] ReadMemory at 0x7ff88ee60000 of 64 bytes failed: Only part of a ReadProcessMemory or WriteProcessMemory request was completed. (0x12B)
[1026/190017.063:WARNING:pe_image_reader.cc(340)] could not read dos header from C:\WINDOWS\System32\win32u.dll
[1026/190017.063:ERROR:process_memory_win.cc(73)] ReadMemory at 0x7ff88e450000 of 64 bytes failed: Only part of a ReadProcessMemory or WriteProcessMemory request was completed. (0x12B)
[1026/190017.063:WARNING:pe_image_reader.cc(340)] could not read dos header from C:\WINDOWS\System32\gdi32full.dll
[1026/190017.063:ERROR:process_memory_win.cc(73)] ReadMemory at 0x7ff890630000 of 64 bytes failed: Only part of a ReadProcessMemory or WriteProcessMemory request was completed. (0x12B)
[1026/190017.063:WARNING:pe_image_reader.cc(340)] could not read dos header from C:\WINDOWS\System32\USER32.dll
[1026/190017.063:ERROR:process_memory_win.cc(73)] ReadMemory at 0x7ff88e100000 of 64 bytes failed: Only part of a ReadProcessMemory or WriteProcessMemory request was completed. (0x12B)
[1026/190017.063:WARNING:pe_image_reader.cc(340)] could not read dos header from C:\WINDOWS\System32\cryptsp.dll
[1026/190017.063:ERROR:process_memory_win.cc(73)] ReadMemory at 0x7ff8903c0000 of 64 bytes failed: Only part of a ReadProcessMemory or WriteProcessMemory request was completed. (0x12B)
[1026/190017.063:WARNING:pe_image_reader.cc(340)] could not read dos header from C:\WINDOWS\System32\IMM32.DLL
[1026/190017.063:ERROR:process_memory_win.cc(73)] ReadMemory at 0x7ff88d770000 of 64 bytes failed: Only part of a ReadProcessMemory or WriteProcessMemory request was completed. (0x12B)
[1026/190017.063:WARNING:pe_image_reader.cc(340)] could not read dos header from C:\WINDOWS\SYSTEM32\CRYPTBASE.DLL
[1026/190017.063:ERROR:process_memory_win.cc(73)] ReadMemory at 0x7ff676a20000 of 64 bytes failed: Only part of a ReadProcessMemory or WriteProcessMemory request was completed. (0x12B)
[1026/190017.063:WARNING:pe_image_reader.cc(340)] could not read dos header from C:\Program Files (x86)\Google\Chrome\Application\chrome.exe
[1026/190017.063:ERROR:process_memory_win.cc(73)] ReadMemory at 0x7ff890e60000 of 64 bytes failed: Only part of a ReadProcessMemory or WriteProcessMemory request was completed. (0x12B)
[1026/190017.063:WARNING:pe_image_reader.cc(340)] could not read dos header from C:\WINDOWS\SYSTEM32\ntdll.dll
[1026/190017.063:ERROR:process_memory_win.cc(73)] ReadMemory at 0x7ff88f320000 of 64 bytes failed: Only part of a ReadProcessMemory or WriteProcessMemory request was completed. (0x12B)
[1026/190017.063:WARNING:pe_image_reader.cc(340)] could not read dos header from C:\WINDOWS\System32\KERNEL32.DLL
[1026/190017.063:ERROR:process_memory_win.cc(73)] ReadMemory at 0x7ff88de50000 of 64 bytes failed: Only part of a ReadProcessMemory or WriteProcessMemory request was completed. (0x12B)
[1026/190017.063:WARNING:pe_image_reader.cc(340)] could not read dos header from C:\WINDOWS\System32\KERNELBASE.dll
[1026/190017.063:ERROR:process_memory_win.cc(73)] ReadMemory at 0x7ff8543f0000 of 64 bytes failed: Only part of a ReadProcessMemory or WriteProcessMemory request was completed. (0x12B)
[1026/190017.063:WARNING:pe_image_reader.cc(340)] could not read dos header from C:\Program Files (x86)\Google\Chrome\Application\78.0.3904.70\chrome_elf.dll
[1026/190017.063:ERROR:process_memory_win.cc(73)] ReadMemory at 0x7ff888210000 of 64 bytes failed: Only part of a ReadProcessMemory or WriteProcessMemory request was completed. (0x12B)
[1026/190017.063:WARNING:pe_image_reader.cc(340)] could not read dos header from C:\WINDOWS\SYSTEM32\VERSION.dll
[1026/190017.063:ERROR:process_memory_win.cc(73)] ReadMemory at 0x7ff8907d0000 of 64 bytes failed: Only part of a ReadProcessMemory or WriteProcessMemory request was completed. (0x12B)
[1026/190017.063:WARNING:pe_image_reader.cc(340)] could not read dos header from C:\WINDOWS\System32\msvcrt.dll
[1026/190017.063:ERROR:process_memory_win.cc(73)] ReadMemory at 0x7ff88ee90000 of 64 bytes failed: Only part of a ReadProcessMemory or WriteProcessMemory request was completed. (0x12B)
[1026/190017.064:WARNING:pe_image_reader.cc(340)] could not read dos header from C:\WINDOWS\System32\bcryptPrimitives.dll
[1026/190017.064:ERROR:process_memory_win.cc(73)] ReadMemory at 0x7ff890ce0000 of 64 bytes failed: Only part of a ReadProcessMemory or WriteProcessMemory request was completed. (0x12B)
[1026/190017.064:WARNING:pe_image_reader.cc(340)] could not read dos header from C:\WINDOWS\System32\ADVAPI32.dll
[1026/190017.064:ERROR:process_memory_win.cc(73)] ReadMemory at 0x7ff890320000 of 64 bytes failed: Only part of a ReadProcessMemory or WriteProcessMemory request was completed. (0x12B)
[1026/190017.064:WARNING:pe_image_reader.cc(340)] could not read dos header from C:\WINDOWS\System32\sechost.dll
[1026/190017.064:ERROR:process_memory_win.cc(73)] ReadMemory at 0x7ff890190000 of 64 bytes failed: Only part of a ReadProcessMemory or WriteProcessMemory request was completed. (0x12B)
[1026/190017.064:WARNING:pe_image_reader.cc(340)] could not read dos header from C:\WINDOWS\System32\RPCRT4.dll
[1026/190017.064:ERROR:process_memory_win.cc(73)] ReadMemory at 0x7fffe6d00000 of 64 bytes failed: Only part of a ReadProcessMemory or WriteProcessMemory request was completed. (0x12B)
[1026/190017.064:WARNING:pe_image_reader.cc(340)] could not read dos header from C:\Program Files (x86)\Google\Chrome\Application\78.0.3904.70\chrome_child.dll
[1026/190017.064:ERROR:process_memory_win.cc(73)] ReadMemory at 0x7ff88f520000 of 64 bytes failed: Only part of a ReadProcessMemory or WriteProcessMemory request was completed. (0x12B)
[1026/190017.064:WARNING:pe_image_reader.cc(340)] could not read dos header from C:\WINDOWS\System32\OLEAUT32.dll
[1026/190017.064:ERROR:process_memory_win.cc(73)] ReadMemory at 0x7ff88edc0000 of 64 bytes failed: Only part of a ReadProcessMemory or WriteProcessMemory request was completed. (0x12B)
[1026/190017.064:WARNING:pe_image_reader.cc(340)] could not read dos header from C:\WINDOWS\System32\msvcp_win.dll
[1026/190017.064:ERROR:process_memory_win.cc(73)] ReadMemory at 0x7ff88e150000 of 64 bytes failed: Only part of a ReadProcessMemory or WriteProcessMemory request was completed. (0x12B)
[1026/190017.064:WARNING:pe_image_reader.cc(340)] could not read dos header from C:\WINDOWS\System32\ucrtbase.dll
[1026/190017.064:ERROR:process_memory_win.cc(73)] ReadMemory at 0x7ff88f760000 of 64 bytes failed: Only part of a ReadProcessMemory or WriteProcessMemory request was completed. (0x12B)
[1026/190017.064:WARNING:pe_image_reader.cc(340)] could not read dos header from C:\WINDOWS\System32\combase.dll
[1026/190017.064:ERROR:process_memory_win.cc(73)] ReadMemory at 0x7ff8902b0000 of 64 bytes failed: Only part of a ReadProcessMemory or WriteProcessMemory request was completed. (0x12B)
[1026/190017.064:WARNING:pe_image_reader.cc(340)] could not read dos header from C:\WINDOWS\System32\WS2_32.dll
[1026/190017.064:ERROR:process_memory_win.cc(73)] ReadMemory at 0x7ff88ddf0000 of 64 bytes failed: Only part of a ReadProcessMemory or WriteProcessMemory request was completed. (0x12B)
[1026/190017.064:WARNING:pe_image_reader.cc(340)] could not read dos header from C:\WINDOWS\System32\WINTRUST.dll
[1026/190017.064:ERROR:process_memory_win.cc(73)] ReadMemory at 0x7ff88dd40000 of 64 bytes failed: Only part of a ReadProcessMemory or WriteProcessMemory request was completed. (0x12B)
[1026/190017.064:WARNING:pe_image_reader.cc(340)] could not read dos header from C:\WINDOWS\System32\MSASN1.dll
[1026/190017.064:ERROR:process_memory_win.cc(73)] ReadMemory at 0x7ff88e250000 of 64 bytes failed: Only part of a ReadProcessMemory or WriteProcessMemory request was completed. (0x12B)
[1026/190017.064:WARNING:pe_image_reader.cc(340)] could not read dos header from C:\WINDOWS\System32\CRYPT32.dll
[1026/190017.064:ERROR:process_memory_win.cc(73)] ReadMemory at 0x7ff88d2b0000 of 64 bytes failed: Only part of a ReadProcessMemory or WriteProcessMemory request was completed. (0x12B)
[1026/190017.064:WARNING:pe_image_reader.cc(340)] could not read dos header from C:\WINDOWS\SYSTEM32\IPHLPAPI.DLL
[1026/190017.064:ERROR:process_memory_win.cc(73)] ReadMemory at 0x7ff88a1e0000 of 64 bytes failed: Only part of a ReadProcessMemory or WriteProcessMemory request was completed. (0x12B)
[1026/190017.064:WARNING:pe_image_reader.cc(340)] could not read dos header from C:\WINDOWS\SYSTEM32\WINMM.dll
[1026/190017.064:ERROR:process_memory_win.cc(73)] ReadMemory at 0x7ff88dc50000 of 64 bytes failed: Only part of a ReadProcessMemory or WriteProcessMemory request was completed. (0x12B)
[1026/190017.064:WARNING:pe_image_reader.cc(340)] could not read dos header from C:\WINDOWS\SYSTEM32\USERENV.dll
[1026/190017.065:ERROR:process_memory_win.cc(73)] ReadMemory at 0x7ff88dd80000 of 64 bytes failed: Only part of a ReadProcessMemory or WriteProcessMemory request was completed. (0x12B)
[1026/190017.065:WARNING:pe_image_reader.cc(340)] could not read dos header from C:\WINDOWS\System32\profapi.dll
[1026/190017.065:ERROR:process_memory_win.cc(73)] ReadMemory at 0x7ff87b5b0000 of 64 bytes failed: Only part of a ReadProcessMemory or WriteProcessMemory request was completed. (0x12B)
[1026/190017.065:WARNING:pe_image_reader.cc(340)] could not read dos header from C:\WINDOWS\SYSTEM32\DWrite.dll
[1026/190017.065:ERROR:process_memory_win.cc(73)] ReadMemory at 0x7ff8808f0000 of 64 bytes failed: Only part of a ReadProcessMemory or WriteProcessMemory request was completed. (0x12B)
[1026/190017.065:WARNING:pe_image_reader.cc(340)] could not read dos header from C:\WINDOWS\SYSTEM32\WINSPOOL.DRV
[1026/190017.065:ERROR:process_memory_win.cc(73)] ReadMemory at 0x7ff88dd60000 of 64 bytes failed: Only part of a ReadProcessMemory or WriteProcessMemory request was completed. (0x12B)
[1026/190017.065:WARNING:pe_image_reader.cc(340)] could not read dos header from C:\WINDOWS\System32\kernel.appcore.dll
[1026/190017.065:ERROR:process_memory_win.cc(73)] ReadMemory at 0x7ff88e120000 of 64 bytes failed: Only part of a ReadProcessMemory or WriteProcessMemory request was completed. (0x12B)
[1026/190017.065:WARNING:pe_image_reader.cc(340)] could not read dos header from C:\WINDOWS\System32\bcrypt.dll
[1026/190017.065:ERROR:process_memory_win.cc(73)] ReadMemory at 0x7ff88bdc0000 of 64 bytes failed: Only part of a ReadProcessMemory or WriteProcessMemory request was completed. (0x12B)
[1026/190017.065:WARNING:pe_image_reader.cc(340)] could not read dos header from C:\WINDOWS\SYSTEM32\dbghelp.dll
[1026/190017.065:ERROR:process_memory_win.cc(73)] ReadMemory at 0x7ff87f280000 of 64 bytes failed: Only part of a ReadProcessMemory or WriteProcessMemory request was completed. (0x12B)
[1026/190017.065:WARNING:pe_image_reader.cc(340)] could not read dos header from C:\WINDOWS\SYSTEM32\Secur32.dll
[1026/190017.065:ERROR:process_memory_win.cc(73)] ReadMemory at 0x7ff882b80000 of 64 bytes failed: Only part of a ReadProcessMemory or WriteProcessMemory request was completed. (0x12B)
[1026/190017.065:WARNING:pe_image_reader.cc(340)] could not read dos header from C:\WINDOWS\SYSTEM32\WINHTTP.dll
[1026/190017.065:ERROR:process_memory_win.cc(73)] ReadMemory at 0x7ff8857e0000 of 64 bytes failed: Only part of a ReadProcessMemory or WriteProcessMemory request was completed. (0x12B)
[1026/190017.065:WARNING:pe_image_reader.cc(340)] could not read dos header from C:\WINDOWS\SYSTEM32\dhcpcsvc.DLL
[1026/190017.065:ERROR:process_memory_win.cc(73)] ReadMemory at 0x7ff890d90000 of 64 bytes failed: Only part of a ReadProcessMemory or WriteProcessMemory request was completed. (0x12B)
[1026/190017.065:WARNING:pe_image_reader.cc(340)] could not read dos header from C:\WINDOWS\System32\NSI.dll
[1026/190017.065:ERROR:process_memory_win.cc(73)] ReadMemory at 0x7ff88a1b0000 of 64 bytes failed: Only part of a ReadProcessMemory or WriteProcessMemory request was completed. (0x12B)
[1026/190017.065:WARNING:pe_image_reader.cc(340)] could not read dos header from C:\WINDOWS\SYSTEM32\WINMMBASE.dll
[1026/190017.065:ERROR:process_memory_win.cc(73)] ReadMemory at 0x7ff88ed70000 of 64 bytes failed: Only part of a ReadProcessMemory or WriteProcessMemory request was completed. (0x12B)
[1026/190017.065:WARNING:pe_image_reader.cc(340)] could not read dos header from C:\WINDOWS\System32\cfgmgr32.dll
[1026/190017.065:ERROR:process_memory_win.cc(73)] ReadMemory at 0x7ff88bfc0000 of 64 bytes failed: Only part of a ReadProcessMemory or WriteProcessMemory request was completed. (0x12B)
[1026/190017.065:WARNING:pe_image_reader.cc(340)] could not read dos header from C:\WINDOWS\SYSTEM32\PROPSYS.dll
[1026/190017.065:ERROR:process_memory_win.cc(73)] ReadMemory at 0x7ff88f6b0000 of 64 bytes failed: Only part of a ReadProcessMemory or WriteProcessMemory request was completed. (0x12B)
[1026/190017.065:WARNING:pe_image_reader.cc(340)] could not read dos header from C:\WINDOWS\System32\shcore.dll
[1026/190017.066:ERROR:process_memory_win.cc(73)] ReadMemory at 0x7ff88dc20000 of 64 bytes failed: Only part of a ReadProcessMemory or WriteProcessMemory request was completed. (0x12B)
[1026/190017.066:WARNING:pe_image_reader.cc(340)] could not read dos header from C:\WINDOWS\SYSTEM32\SSPICLI.DLL
[1026/190017.066:ERROR:process_memory_win.cc(73)] ReadMemory at 0x7ff88faa0000 of 64 bytes failed: Only part of a ReadProcessMemory or WriteProcessMemory request was completed. (0x12B)
[1026/190017.066:WARNING:pe_image_reader.cc(340)] could not read dos header from C:\WINDOWS\System32\SHELL32.dll
[1026/190017.066:ERROR:process_memory_win.cc(73)] ReadMemory at 0x7ff88e5f0000 of 64 bytes failed: Only part of a ReadProcessMemory or WriteProcessMemory request was completed. (0x12B)
[1026/190017.066:WARNING:pe_image_reader.cc(340)] could not read dos header from C:\WINDOWS\System32\windows.storage.dll
[1026/190017.066:ERROR:process_memory_win.cc(73)] ReadMemory at 0x7ff88dda0000 of 64 bytes failed: Only part of a ReadProcessMemory or WriteProcessMemory request was completed. (0x12B)
[1026/190017.066:WARNING:pe_image_reader.cc(340)] could not read dos header from C:\WINDOWS\System32\powrprof.dll
[1026/190017.066:ERROR:process_memory_win.cc(73)] ReadMemory at 0x7ff88dd30000 of 64 bytes failed: Only part of a ReadProcessMemory or WriteProcessMemory request was completed. (0x12B)
[1026/190017.066:WARNING:pe_image_reader.cc(340)] could not read dos header from C:\WINDOWS\System32\UMPDC.dll
[1026/190017.066:ERROR:process_memory_win.cc(73)] ReadMemory at 0x7ff88ef80000 of 64 bytes failed: Only part of a ReadProcessMemory or WriteProcessMemory request was completed. (0x12B)
[1026/190017.066:WARNING:pe_image_reader.cc(340)] could not read dos header from C:\WINDOWS\System32\shlwapi.dll
[1026/190017.066:ERROR:process_memory_win.cc(73)] ReadMemory at 0x7ff88f2f0000 of 64 bytes failed: Only part of a ReadProcessMemory or WriteProcessMemory request was completed. (0x12B)
[1026/190017.066:WARNING:pe_image_reader.cc(340)] could not read dos header from C:\WINDOWS\System32\GDI32.dll
[1026/190017.066:ERROR:process_memory_win.cc(73)] ReadMemory at 0x7ff88ee60000 of 64 bytes failed: Only part of a ReadProcessMemory or WriteProcessMemory request was completed. (0x12B)
[1026/190017.066:WARNING:pe_image_reader.cc(340)] could not read dos header from C:\WINDOWS\System32\win32u.dll
[1026/190017.066:ERROR:process_memory_win.cc(73)] ReadMemory at 0x7ff88e450000 of 64 bytes failed: Only part of a ReadProcessMemory or WriteProcessMemory request was completed. (0x12B)
[1026/190017.066:WARNING:pe_image_reader.cc(340)] could not read dos header from C:\WINDOWS\System32\gdi32full.dll
[1026/190017.066:ERROR:process_memory_win.cc(73)] ReadMemory at 0x7ff890630000 of 64 bytes failed: Only part of a ReadProcessMemory or WriteProcessMemory request was completed. (0x12B)
[1026/190017.066:WARNING:pe_image_reader.cc(340)] could not read dos header from C:\WINDOWS\System32\USER32.dll
[1026/190017.066:ERROR:process_memory_win.cc(73)] ReadMemory at 0x7ff88e100000 of 64 bytes failed: Only part of a ReadProcessMemory or WriteProcessMemory request was completed. (0x12B)
[1026/190017.066:WARNING:pe_image_reader.cc(340)] could not read dos header from C:\WINDOWS\System32\cryptsp.dll
[1026/190017.066:ERROR:process_memory_win.cc(73)] ReadMemory at 0x7ff8903c0000 of 64 bytes failed: Only part of a ReadProcessMemory or WriteProcessMemory request was completed. (0x12B)
[1026/190017.066:WARNING:pe_image_reader.cc(340)] could not read dos header from C:\WINDOWS\System32\IMM32.DLL
[1026/190017.066:ERROR:process_memory_win.cc(73)] ReadMemory at 0x7ff88d770000 of 64 bytes failed: Only part of a ReadProcessMemory or WriteProcessMemory request was completed. (0x12B)
[1026/190017.066:WARNING:pe_image_reader.cc(340)] could not read dos header from C:\WINDOWS\SYSTEM32\CRYPTBASE.DLL
[1026/190017.081:ERROR:process_memory_win.cc(73)] ReadMemory at 0x32af3ed000 of 77824 bytes failed: Only part of a ReadProcessMemory or WriteProcessMemory request was completed. (0x12B)
[1026/190017.082:ERROR:process_memory_win.cc(73)] ReadMemory at 0x32afbfd000 of 12288 bytes failed: Only part of a ReadProcessMemory or WriteProcessMemory request was completed. (0x12B)
[1026/190017.082:ERROR:process_memory_win.cc(73)] ReadMemory at 0x32b0bfc000 of 16384 bytes failed: Only part of a ReadProcessMemory or WriteProcessMemory request was completed. (0x12B)
[1026/190017.082:ERROR:process_memory_win.cc(73)] ReadMemory at 0x32b13fc000 of 16384 bytes failed: Only part of a ReadProcessMemory or WriteProcessMemory request was completed. (0x12B)
[1026/190017.082:ERROR:process_memory_win.cc(73)] ReadMemory at 0x32b1bfe000 of 8192 bytes failed: Only part of a ReadProcessMemory or WriteProcessMemory request was completed. (0x12B)
[1026/190017.083:ERROR:process_memory_win.cc(73)] ReadMemory at 0x32b23fd000 of 12288 bytes failed: Only part of a ReadProcessMemory or WriteProcessMemory request was completed. (0x12B)
[1026/190017.083:ERROR:process_memory_win.cc(73)] ReadMemory at 0x32b2bfb000 of 20480 bytes failed: Only part of a ReadProcessMemory or WriteProcessMemory request was completed. (0x12B)
[1026/190017.083:ERROR:process_memory_win.cc(73)] ReadMemory at 0x32b33f5000 of 45056 bytes failed: Only part of a ReadProcessMemory or WriteProcessMemory request was completed. (0x12B)
[1026/190017.083:ERROR:process_memory_win.cc(73)] ReadMemory at 0x32b3bf5000 of 45056 bytes failed: Only part of a ReadProcessMemory or WriteProcessMemory request was completed. (0x12B)
[1026/190017.083:ERROR:process_memory_win.cc(73)] ReadMemory at 0x32b43fc000 of 16384 bytes failed: Only part of a ReadProcessMemory or WriteProcessMemory request was completed. (0x12B)
[1026/190017.083:ERROR:process_memory_win.cc(73)] ReadMemory at 0x32b6bf9000 of 28672 bytes failed: Only part of a ReadProcessMemory or WriteProcessMemory request was completed. (0x12B)
[1026/190017.084:ERROR:process_memory_win.cc(73)] ReadMemory at 0x32b4bfd000 of 12288 bytes failed: Only part of a ReadProcessMemory or WriteProcessMemory request was completed. (0x12B)
[1026/190017.084:ERROR:process_memory_win.cc(73)] ReadMemory at 0x32b03fd000 of 12288 bytes failed: Only part of a ReadProcessMemory or WriteProcessMemory request was completed. (0x12B)
[1026/190017.084:ERROR:process_memory_win.cc(73)] ReadMemory at 0x32b53fd000 of 12288 bytes failed: Only part of a ReadProcessMemory or WriteProcessMemory request was completed. (0x12B)
[1026/190017.084:ERROR:process_memory_win.cc(73)] ReadMemory at 0x32b5bff000 of 4096 bytes failed: Only part of a ReadProcessMemory or WriteProcessMemory request was completed. (0x12B)
[1026/190017.084:ERROR:process_memory_win.cc(73)] ReadMemory at 0x32aeb39000 of 852 bytes failed: Only part of a ReadProcessMemory or WriteProcessMemory request was completed. (0x12B)
[1026/190017.084:ERROR:process_memory_win.cc(73)] ReadMemory at 0x32aeb3a000 of 6024 bytes failed: Only part of a ReadProcessMemory or WriteProcessMemory request was completed. (0x12B)
[1026/190017.084:ERROR:process_memory_win.cc(73)] ReadMemory at 0x32aeb3c000 of 6024 bytes failed: Only part of a ReadProcessMemory or WriteProcessMemory request was completed. (0x12B)
[1026/190017.084:ERROR:process_memory_win.cc(73)] ReadMemory at 0x32aeb40000 of 6024 bytes failed: Only part of a ReadProcessMemory or WriteProcessMemory request was completed. (0x12B)
[1026/190017.085:ERROR:process_memory_win.cc(73)] ReadMemory at 0x32aeb42000 of 6024 bytes failed: Only part of a ReadProcessMemory or WriteProcessMemory request was completed. (0x12B)
[1026/190017.085:ERROR:process_memory_win.cc(73)] ReadMemory at 0x32aeb44000 of 6024 bytes failed: Only part of a ReadProcessMemory or WriteProcessMemory request was completed. (0x12B)
[1026/190017.085:ERROR:process_memory_win.cc(73)] ReadMemory at 0x32aeb46000 of 6024 bytes failed: Only part of a ReadProcessMemory or WriteProcessMemory request was completed. (0x12B)
[1026/190017.085:ERROR:process_memory_win.cc(73)] ReadMemory at 0x32aeb48000 of 6024 bytes failed: Only part of a ReadProcessMemory or WriteProcessMemory request was completed. (0x12B)
[1026/190017.085:ERROR:process_memory_win.cc(73)] ReadMemory at 0x32aeb4a000 of 6024 bytes failed: Only part of a ReadProcessMemory or WriteProcessMemory request was completed. (0x12B)
[1026/190017.085:ERROR:process_memory_win.cc(73)] ReadMemory at 0x32aeb4c000 of 6024 bytes failed: Only part of a ReadProcessMemory or WriteProcessMemory request was completed. (0x12B)
[1026/190017.085:ERROR:process_memory_win.cc(73)] ReadMemory at 0x32aeb4e000 of 6024 bytes failed: Only part of a ReadProcessMemory or WriteProcessMemory request was completed. (0x12B)
[1026/190017.085:ERROR:process_memory_win.cc(73)] ReadMemory at 0x32aeb58000 of 6024 bytes failed: Only part of a ReadProcessMemory or WriteProcessMemory request was completed. (0x12B)
[1026/190017.085:ERROR:process_memory_win.cc(73)] ReadMemory at 0x32aeb5a000 of 6024 bytes failed: Only part of a ReadProcessMemory or WriteProcessMemory request was completed. (0x12B)
[1026/190017.085:ERROR:process_memory_win.cc(73)] ReadMemory at 0x32aeb5c000 of 6024 bytes failed: Only part of a ReadProcessMemory or WriteProcessMemory request was completed. (0x12B)
[1026/190017.086:ERROR:process_memory_win.cc(73)] ReadMemory at 0x32aeb60000 of 6024 bytes failed: Only part of a ReadProcessMemory or WriteProcessMemory request was completed. (0x12B)
[1026/190017.086:ERROR:process_memory_win.cc(73)] ReadMemory at 0x32aeb62000 of 6024 bytes failed: Only part of a ReadProcessMemory or WriteProcessMemory request was completed. (0x12B)
[1026/190017.086:ERROR:process_memory_win.cc(73)] ReadMemory at 0x1aa0d530fe0 of 8776 bytes failed: Only part of a ReadProcessMemory or WriteProcessMemory request was completed. (0x12B)
[1026/190017.086:ERROR:process_memory_win.cc(73)] ReadMemory at 0x1aa0d533230 of 1012 bytes failed: Only part of a ReadProcessMemory or WriteProcessMemory request was completed. (0x12B)
[1026/190017.086:ERROR:process_memory_win.cc(73)] ReadMemory at 0x1aa0d533878 of 118 bytes failed: Only part of a ReadProcessMemory or WriteProcessMemory request was completed. (0x12B)
[1026/190017.086:ERROR:process_memory_win.cc(73)] ReadMemory at 0x1aa0d5338f0 of 1324 bytes failed: Only part of a ReadProcessMemory or WriteProcessMemory request was completed. (0x12B)
[1026/190017.086:ERROR:process_memory_win.cc(73)] ReadMemory at 0x1aa0d533e1e of 118 bytes failed: Only part of a ReadProcessMemory or WriteProcessMemory request was completed. (0x12B)
[1026/190017.086:ERROR:process_memory_win.cc(73)] ReadMemory at 0x1aa0d533e96 of 96 bytes failed: Only part of a ReadProcessMemory or WriteProcessMemory request was completed. (0x12B)
[1026/190017.086:ERROR:process_memory_win.cc(73)] ReadMemory at 0x1aa0d533f10 of 58 bytes failed: Only part of a ReadProcessMemory or WriteProcessMemory request was completed. (0x12B)
[1026/190017.087:ERROR:process_memory_win.cc(73)] ReadMemory at 0x1aa0d534010 of 132 bytes failed: Only part of a ReadProcessMemory or WriteProcessMemory request was completed. (0x12B)
[1026/190017.087:ERROR:process_memory_win.cc(73)] ReadMemory at 0x1aa0d5341a0 of 132 bytes failed: Only part of a ReadProcessMemory or WriteProcessMemory request was completed. (0x12B)
[1026/190017.087:ERROR:process_memory_win.cc(73)] ReadMemory at 0x1aa0d534360 of 124 bytes failed: Only part of a ReadProcessMemory or WriteProcessMemory request was completed. (0x12B)
[1026/190017.087:ERROR:process_memory_win.cc(73)] ReadMemory at 0x1aa0d534740 of 132 bytes failed: Only part of a ReadProcessMemory or WriteProcessMemory request was completed. (0x12B)
[1026/190017.087:ERROR:process_memory_win.cc(73)] ReadMemory at 0x1aa0d5348d0 of 64 bytes failed: Only part of a ReadProcessMemory or WriteProcessMemory request was completed. (0x12B)
[1026/190017.087:ERROR:process_memory_win.cc(73)] ReadMemory at 0x1aa0d534920 of 132 bytes failed: Only part of a ReadProcessMemory or WriteProcessMemory request was completed. (0x12B)
[1026/190017.087:ERROR:process_memory_win.cc(73)] ReadMemory at 0x1aa0d534a90 of 132 bytes failed: Only part of a ReadProcessMemory or WriteProcessMemory request was completed. (0x12B)
[1026/190017.088:ERROR:process_memory_win.cc(73)] ReadMemory at 0x1aa0d534d30 of 132 bytes failed: Only part of a ReadProcessMemory or WriteProcessMemory request was completed. (0x12B)
[1026/190017.088:ERROR:process_memory_win.cc(73)] ReadMemory at 0x1aa0d534ec0 of 68 bytes failed: Only part of a ReadProcessMemory or WriteProcessMemory request was completed. (0x12B)
[1026/190017.088:ERROR:process_memory_win.cc(73)] ReadMemory at 0x1aa0d5360b0 of 132 bytes failed: Only part of a ReadProcessMemory or WriteProcessMemory request was completed. (0x12B)
[1026/190017.088:ERROR:process_memory_win.cc(73)] ReadMemory at 0x1aa0d536240 of 152 bytes failed: Only part of a ReadProcessMemory or WriteProcessMemory request was completed. (0x12B)
[1026/190017.088:ERROR:process_memory_win.cc(73)] ReadMemory at 0x1aa0d536e2a of 512 bytes failed: Only part of a ReadProcessMemory or WriteProcessMemory request was completed. (0x12B)
[1026/190017.088:ERROR:process_memory_win.cc(73)] ReadMemory at 0x1aa0d537cd0 of 132 bytes failed: Only part of a ReadProcessMemory or WriteProcessMemory request was completed. (0x12B)
[1026/190017.088:ERROR:process_memory_win.cc(73)] ReadMemory at 0x1aa0d537ed0 of 132 bytes failed: Only part of a ReadProcessMemory or WriteProcessMemory request was completed. (0x12B)
[1026/190017.088:ERROR:process_memory_win.cc(73)] ReadMemory at 0x1aa0d5392e0 of 62 bytes failed: Only part of a ReadProcessMemory or WriteProcessMemory request was completed. (0x12B)
[1026/190017.088:ERROR:process_memory_win.cc(73)] ReadMemory at 0x1aa0d539330 of 156 bytes failed: Only part of a ReadProcessMemory or WriteProcessMemory request was completed. (0x12B)
[1026/190017.088:ERROR:process_memory_win.cc(73)] ReadMemory at 0x1aa0d539410 of 132 bytes failed: Only part of a ReadProcessMemory or WriteProcessMemory request was completed. (0x12B)
[1026/190017.088:ERROR:process_memory_win.cc(73)] ReadMemory at 0x1aa0d5395a0 of 60 bytes failed: Only part of a ReadProcessMemory or WriteProcessMemory request was completed. (0x12B)
[1026/190017.088:ERROR:process_memory_win.cc(73)] ReadMemory at 0x1aa0d53be50 of 80 bytes failed: Only part of a ReadProcessMemory or WriteProcessMemory request was completed. (0x12B)
[1026/190017.088:ERROR:process_memory_win.cc(73)] ReadMemory at 0x1aa0d53c150 of 64 bytes failed: Only part of a ReadProcessMemory or WriteProcessMemory request was completed. (0x12B)
[1026/190017.088:ERROR:process_memory_win.cc(73)] ReadMemory at 0x1aa0d53c1f0 of 64 bytes failed: Only part of a ReadProcessMemory or WriteProcessMemory request was completed. (0x12B)
[1026/190017.089:ERROR:process_memory_win.cc(73)] ReadMemory at 0x1aa0d53c240 of 60 bytes failed: Only part of a ReadProcessMemory or WriteProcessMemory request was completed. (0x12B)
[1026/190017.089:ERROR:process_memory_win.cc(73)] ReadMemory at 0x1aa0d53c2e0 of 66 bytes failed: Only part of a ReadProcessMemory or WriteProcessMemory request was completed. (0x12B)
[1026/190017.089:ERROR:process_memory_win.cc(73)] ReadMemory at 0x1aa0d53c330 of 60 bytes failed: Only part of a ReadProcessMemory or WriteProcessMemory request was completed. (0x12B)
[1026/190017.089:ERROR:process_memory_win.cc(73)] ReadMemory at 0x1aa0d53c380 of 64 bytes failed: Only part of a ReadProcessMemory or WriteProcessMemory request was completed. (0x12B)
[1026/190017.089:ERROR:process_memory_win.cc(73)] ReadMemory at 0x1aa0d53c420 of 64 bytes failed: Only part of a ReadProcessMemory or WriteProcessMemory request was completed. (0x12B)
[1026/190017.089:ERROR:process_memory_win.cc(73)] ReadMemory at 0x1aa0d53c470 of 62 bytes failed: Only part of a ReadProcessMemory or WriteProcessMemory request was completed. (0x12B)
[1026/190017.089:ERROR:process_memory_win.cc(73)] ReadMemory at 0x1aa0d53c4c0 of 62 bytes failed: Only part of a ReadProcessMemory or WriteProcessMemory request was completed. (0x12B)
[1026/190017.089:ERROR:process_memory_win.cc(73)] ReadMemory at 0x1aa0d53cff0 of 78 bytes failed: Only part of a ReadProcessMemory or WriteProcessMemory request was completed. (0x12B)
[1026/190017.089:ERROR:process_memory_win.cc(73)] ReadMemory at 0x1aa0d53d650 of 76 bytes failed: Only part of a ReadProcessMemory or WriteProcessMemory request was completed. (0x12B)
[1026/190017.089:ERROR:process_memory_win.cc(73)] ReadMemory at 0x1aa0d53dc30 of 60 bytes failed: Only part of a ReadProcessMemory or WriteProcessMemory request was completed. (0x12B)
[1026/190017.089:ERROR:process_memory_win.cc(73)] ReadMemory at 0x1aa0d53dd20 of 62 bytes failed: Only part of a ReadProcessMemory or WriteProcessMemory request was completed. (0x12B)
[1026/190017.089:ERROR:process_memory_win.cc(73)] ReadMemory at 0x1aa0d53de60 of 62 bytes failed: Only part of a ReadProcessMemory or WriteProcessMemory request was completed. (0x12B)
[1026/190017.089:ERROR:process_memory_win.cc(73)] ReadMemory at 0x1aa0d53dfa0 of 64 bytes failed: Only part of a ReadProcessMemory or WriteProcessMemory request was completed. (0x12B)
[1026/190017.089:ERROR:process_memory_win.cc(73)] ReadMemory at 0x1aa0d53e040 of 64 bytes failed: Only part of a ReadProcessMemory or WriteProcessMemory request was completed. (0x12B)
[1026/190017.089:ERROR:process_memory_win.cc(73)] ReadMemory at 0x1aa0d53e090 of 62 bytes failed: Only part of a ReadProcessMemory or WriteProcessMemory request was completed. (0x12B)
[1026/190017.089:ERROR:process_memory_win.cc(73)] ReadMemory at 0x1aa0d53e2c0 of 62 bytes failed: Only part of a ReadProcessMemory or WriteProcessMemory request was completed. (0x12B)
[1026/190017.089:ERROR:process_memory_win.cc(73)] ReadMemory at 0x1aa0d53e3b0 of 64 bytes failed: Only part of a ReadProcessMemory or WriteProcessMemory request was completed. (0x12B)
[1026/190017.089:ERROR:process_memory_win.cc(73)] ReadMemory at 0x1aa0d53e400 of 66 bytes failed: Only part of a ReadProcessMemory or WriteProcessMemory request was completed. (0x12B)
[1026/190017.090:ERROR:process_memory_win.cc(73)] ReadMemory at 0x1aa0d53e4a0 of 58 bytes failed: Only part of a ReadProcessMemory or WriteProcessMemory request was completed. (0x12B)
[1026/190017.090:ERROR:process_memory_win.cc(73)] ReadMemory at 0x1aa0d53e4f0 of 64 bytes failed: Only part of a ReadProcessMemory or WriteProcessMemory request was completed. (0x12B)
[1026/190017.090:ERROR:process_memory_win.cc(73)] ReadMemory at 0x1aa0d53e540 of 60 bytes failed: Only part of a ReadProcessMemory or WriteProcessMemory request was completed. (0x12B)
[1026/190017.090:ERROR:process_memory_win.cc(73)] ReadMemory at 0x1aa0d53e590 of 62 bytes failed: Only part of a ReadProcessMemory or WriteProcessMemory request was completed. (0x12B)
[1026/190017.090:ERROR:process_memory_win.cc(73)] ReadMemory at 0x1aa0d53e7c0 of 60 bytes failed: Only part of a ReadProcessMemory or WriteProcessMemory request was completed. (0x12B)
[1026/190017.090:ERROR:process_memory_win.cc(73)] ReadMemory at 0x1aa0d53e860 of 62 bytes failed: Only part of a ReadProcessMemory or WriteProcessMemory request was completed. (0x12B)
[1026/190017.090:ERROR:process_memory_win.cc(73)] ReadMemory at 0x1aa0d53e8b0 of 62 bytes failed: Only part of a ReadProcessMemory or WriteProcessMemory request was completed. (0x12B)
[1026/190017.090:ERROR:process_memory_win.cc(73)] ReadMemory at 0x1aa0d53e900 of 60 bytes failed: Only part of a ReadProcessMemory or WriteProcessMemory request was completed. (0x12B)
[1026/190017.090:ERROR:process_memory_win.cc(73)] ReadMemory at 0x1aa0d53e9a0 of 62 bytes failed: Only part of a ReadProcessMemory or WriteProcessMemory request was completed. (0x12B)
[1026/190017.090:ERROR:process_memory_win.cc(73)] ReadMemory at 0x1aa0d540000 of 54 bytes failed: Only part of a ReadProcessMemory or WriteProcessMemory request was completed. (0x12B)
[1026/190017.090:ERROR:process_memory_win.cc(73)] ReadMemory at 0x1aa0d5411a0 of 132 bytes failed: Only part of a ReadProcessMemory or WriteProcessMemory request was completed. (0x12B)
[1026/190017.090:ERROR:process_memory_win.cc(73)] ReadMemory at 0x1aa0d541910 of 132 bytes failed: Only part of a ReadProcessMemory or WriteProcessMemory request was completed. (0x12B)
[1026/190017.090:ERROR:process_memory_win.cc(73)] ReadMemory at 0x1aa0d541b80 of 132 bytes failed: Only part of a ReadProcessMemory or WriteProcessMemory request was completed. (0x12B)
[1026/190017.090:ERROR:process_memory_win.cc(73)] ReadMemory at 0x1aa0d541cb0 of 132 bytes failed: Only part of a ReadProcessMemory or WriteProcessMemory request was completed. (0x12B)
[1026/190017.090:ERROR:process_memory_win.cc(73)] ReadMemory at 0x1aa0d541f90 of 132 bytes failed: Only part of a ReadProcessMemory or WriteProcessMemory request was completed. (0x12B)
[1026/190017.090:ERROR:process_memory_win.cc(73)] ReadMemory at 0x1aa0d542e10 of 132 bytes failed: Only part of a ReadProcessMemory or WriteProcessMemory request was completed. (0x12B)
[1026/190017.090:ERROR:process_memory_win.cc(73)] ReadMemory at 0x1aa0d5449e0 of 132 bytes failed: Only part of a ReadProcessMemory or WriteProcessMemory request was completed. (0x12B)
[1026/190017.091:ERROR:process_memory_win.cc(73)] ReadMemory at 0x1aa0d546a20 of 132 bytes failed: Only part of a ReadProcessMemory or WriteProcessMemory request was completed. (0x12B)
[1026/190017.091:ERROR:process_memory_win.cc(73)] ReadMemory at 0x1aa0d546b50 of 132 bytes failed: Only part of a ReadProcessMemory or WriteProcessMemory request was completed. (0x12B)
[1026/190017.091:ERROR:process_memory_win.cc(73)] ReadMemory at 0x1aa0d546c80 of 132 bytes failed: Only part of a ReadProcessMemory or WriteProcessMemory request was completed. (0x12B)
[1026/190017.091:ERROR:process_memory_win.cc(73)] ReadMemory at 0x1aa0d546db0 of 132 bytes failed: Only part of a ReadProcessMemory or WriteProcessMemory request was completed. (0x12B)
[1026/190017.091:ERROR:process_memory_win.cc(73)] ReadMemory at 0x1aa0d546ee0 of 132 bytes failed: Only part of a ReadProcessMemory or WriteProcessMemory request was completed. (0x12B)
[1026/190017.091:ERROR:process_memory_win.cc(73)] ReadMemory at 0x1aa0d547010 of 132 bytes failed: Only part of a ReadProcessMemory or WriteProcessMemory request was completed. (0x12B)
[1026/190017.091:ERROR:process_memory_win.cc(73)] ReadMemory at 0x1aa0d547140 of 132 bytes failed: Only part of a ReadProcessMemory or WriteProcessMemory request was completed. (0x12B)
[1026/190017.091:ERROR:process_memory_win.cc(73)] ReadMemory at 0x1aa0d5473a0 of 132 bytes failed: Only part of a ReadProcessMemory or WriteProcessMemory request was completed. (0x12B)
[1026/190017.091:ERROR:process_memory_win.cc(73)] ReadMemory at 0x1aa0d5474d0 of 132 bytes failed: Only part of a ReadProcessMemory or WriteProcessMemory request was completed. (0x12B)
[1026/190017.091:ERROR:process_memory_win.cc(73)] ReadMemory at 0x1aa0d547600 of 132 bytes failed: Only part of a ReadProcessMemory or WriteProcessMemory request was completed. (0x12B)
[1026/190017.091:ERROR:process_memory_win.cc(73)] ReadMemory at 0x1aa0d547730 of 132 bytes failed: Only part of a ReadProcessMemory or WriteProcessMemory request was completed. (0x12B)
[1026/190017.091:ERROR:process_memory_win.cc(73)] ReadMemory at 0x1aa0d547860 of 132 bytes failed: Only part of a ReadProcessMemory or WriteProcessMemory request was completed. (0x12B)
[1026/190017.091:ERROR:process_memory_win.cc(73)] ReadMemory at 0x1aa0d54a210 of 132 bytes failed: Only part of a ReadProcessMemory or WriteProcessMemory request was completed. (0x12B)
[1026/190017.091:ERROR:process_memory_win.cc(73)] ReadMemory at 0x1aa0d54a340 of 132 bytes failed: Only part of a ReadProcessMemory or WriteProcessMemory request was completed. (0x12B)
[1026/190017.091:ERROR:process_memory_win.cc(73)] ReadMemory at 0x1aa0d54a5a0 of 132 bytes failed: Only part of a ReadProcessMemory or WriteProcessMemory request was completed. (0x12B)
[1026/190017.091:ERROR:process_memory_win.cc(73)] ReadMemory at 0x1aa0d54a6d0 of 132 bytes failed: Only part of a ReadProcessMemory or WriteProcessMemory request was completed. (0x12B)
[1026/190017.092:ERROR:process_memory_win.cc(73)] ReadMemory at 0x1aa0d54a800 of 132 bytes failed: Only part of a ReadProcessMemory or WriteProcessMemory request was completed. (0x12B)
[1026/190017.092:ERROR:process_memory_win.cc(73)] ReadMemory at 0x1aa0d54a930 of 132 bytes failed: Only part of a ReadProcessMemory or WriteProcessMemory request was completed. (0x12B)
[1026/190017.092:ERROR:process_memory_win.cc(73)] ReadMemory at 0x1aa0d54aa60 of 132 bytes failed: Only part of a ReadProcessMemory or WriteProcessMemory request was completed. (0x12B)
[1026/190017.092:ERROR:process_memory_win.cc(73)] ReadMemory at 0x1aa0d54ab90 of 132 bytes failed: Only part of a ReadProcessMemory or WriteProcessMemory request was completed. (0x12B)
[1026/190017.092:ERROR:process_memory_win.cc(73)] ReadMemory at 0x1aa0d54acc0 of 132 bytes failed: Only part of a ReadProcessMemory or WriteProcessMemory request was completed. (0x12B)
[1026/190017.092:ERROR:process_memory_win.cc(73)] ReadMemory at 0x1aa0d54adf0 of 132 bytes failed: Only part of a ReadProcessMemory or WriteProcessMemory request was completed. (0x12B)
[1026/190017.092:ERROR:process_memory_win.cc(73)] ReadMemory at 0x1aa0d54af20 of 132 bytes failed: Only part of a ReadProcessMemory or WriteProcessMemory request was completed. (0x12B)
[1026/190017.092:ERROR:process_memory_win.cc(73)] ReadMemory at 0x1aa0d54b050 of 132 bytes failed: Only part of a ReadProcessMemory or WriteProcessMemory request was completed. (0x12B)
[1026/190017.092:ERROR:process_memory_win.cc(73)] ReadMemory at 0x1aa0d54b180 of 132 bytes failed: Only part of a ReadProcessMemory or WriteProcessMemory request was completed. (0x12B)
[1026/190017.092:ERROR:process_memory_win.cc(73)] ReadMemory at 0x1aa0d54b2b0 of 132 bytes failed: Only part of a ReadProcessMemory or WriteProcessMemory request was completed. (0x12B)
[1026/190017.092:ERROR:process_memory_win.cc(73)] ReadMemory at 0x1aa0d54b640 of 132 bytes failed: Only part of a ReadProcessMemory or WriteProcessMemory request was completed. (0x12B)
[1026/190017.092:ERROR:process_memory_win.cc(73)] ReadMemory at 0x1aa0d54b8a0 of 132 bytes failed: Only part of a ReadProcessMemory or WriteProcessMemory request was completed. (0x12B)
[1026/190017.092:ERROR:process_memory_win.cc(73)] ReadMemory at 0x1aa0d54b9d0 of 132 bytes failed: Only part of a ReadProcessMemory or WriteProcessMemory request was completed. (0x12B)
[1026/190017.092:ERROR:process_memory_win.cc(73)] ReadMemory at 0x1aa0d54bb00 of 132 bytes failed: Only part of a ReadProcessMemory or WriteProcessMemory request was completed. (0x12B)
[1026/190017.092:ERROR:process_memory_win.cc(73)] ReadMemory at 0x1aa0d54bc30 of 132 bytes failed: Only part of a ReadProcessMemory or WriteProcessMemory request was completed. (0x12B)
[1026/190017.092:ERROR:process_memory_win.cc(73)] ReadMemory at 0x1aa0d54be90 of 132 bytes failed: Only part of a ReadProcessMemory or WriteProcessMemory request was completed. (0x12B)
[1026/190017.092:ERROR:process_memory_win.cc(73)] ReadMemory at 0x1aa0d559640 of 60 bytes failed: Only part of a ReadProcessMemory or WriteProcessMemory request was completed. (0x12B)
[1026/190017.093:ERROR:process_memory_win.cc(73)] ReadMemory at 0x1aa0d559a00 of 62 bytes failed: Only part of a ReadProcessMemory or WriteProcessMemory request was completed. (0x12B)
[1026/190017.093:ERROR:process_memory_win.cc(73)] ReadMemory at 0x1aa0d559a50 of 60 bytes failed: Only part of a ReadProcessMemory or WriteProcessMemory request was completed. (0x12B)
[1026/190017.093:ERROR:process_memory_win.cc(73)] ReadMemory at 0x1aa0d559b40 of 64 bytes failed: Only part of a ReadProcessMemory or WriteProcessMemory request was completed. (0x12B)
[1026/190017.093:ERROR:process_memory_win.cc(73)] ReadMemory at 0x1aa0d559b90 of 58 bytes failed: Only part of a ReadProcessMemory or WriteProcessMemory request was completed. (0x12B)
[1026/190017.093:ERROR:process_memory_win.cc(73)] ReadMemory at 0x1aa0d559eb0 of 62 bytes failed: Only part of a ReadProcessMemory or WriteProcessMemory request was completed. (0x12B)
[1026/190017.093:ERROR:process_memory_win.cc(73)] ReadMemory at 0x1aa0d559f00 of 58 bytes failed: Only part of a ReadProcessMemory or WriteProcessMemory request was completed. (0x12B)
[1026/190017.093:ERROR:process_memory_win.cc(73)] ReadMemory at 0x1aa0d559fa0 of 58 bytes failed: Only part of a ReadProcessMemory or WriteProcessMemory request was completed. (0x12B)
[1026/190017.093:ERROR:process_memory_win.cc(73)] ReadMemory at 0x1aa0d55a130 of 66 bytes failed: Only part of a ReadProcessMemory or WriteProcessMemory request was completed. (0x12B)
[1026/190017.093:ERROR:process_memory_win.cc(73)] ReadMemory at 0x1aa0d55a180 of 62 bytes failed: Only part of a ReadProcessMemory or WriteProcessMemory request was completed. (0x12B)
[1026/190017.093:ERROR:process_memory_win.cc(73)] ReadMemory at 0x1aa0d562e30 of 512 bytes failed: Only part of a ReadProcessMemory or WriteProcessMemory request was completed. (0x12B)
[1026/190017.093:ERROR:process_memory_win.cc(73)] ReadMemory at 0x1aa0d567270 of 512 bytes failed: Only part of a ReadProcessMemory or WriteProcessMemory request was completed. (0x12B)
[1026/190017.093:ERROR:process_memory_win.cc(73)] ReadMemory at 0x1aa0d8a4d50 of 512 bytes failed: Only part of a ReadProcessMemory or WriteProcessMemory request was completed. (0x12B)
[1026/190017.093:ERROR:process_memory_win.cc(73)] ReadMemory at 0x1aa0d8b6e10 of 712 bytes failed: Only part of a ReadProcessMemory or WriteProcessMemory request was completed. (0x12B)
[1026/190017.093:ERROR:process_memory_win.cc(73)] ReadMemory at 0x1aa0d8b7da0 of 512 bytes failed: Only part of a ReadProcessMemory or WriteProcessMemory request was completed. (0x12B)
[1026/190017.093:ERROR:process_memory_win.cc(73)] ReadMemory at 0x1aa0dae0000 of 384 bytes failed: Only part of a ReadProcessMemory or WriteProcessMemory request was completed. (0x12B)
[1026/190017.094:ERROR:process_memory_win.cc(73)] ReadMemory at 0x1aa0dae5c70 of 512 bytes failed: Only part of a ReadProcessMemory or WriteProcessMemory request was completed. (0x12B)
[1026/190017.094:ERROR:process_memory_win.cc(73)] ReadMemory at 0x1aa0f950000 of 384 bytes failed: Only part of a ReadProcessMemory or WriteProcessMemory request was completed. (0x12B)
[1026/190017.094:ERROR:process_memory_win.cc(73)] ReadMemory at 0x1aa0f9799e8 of 512 bytes failed: Only part of a ReadProcessMemory or WriteProcessMemory request was completed. (0x12B)
[1026/190017.094:ERROR:process_memory_win.cc(73)] ReadMemory at 0x1aa0f9813d0 of 512 bytes failed: Only part of a ReadProcessMemory or WriteProcessMemory request was completed. (0x12B)
[1026/190017.094:ERROR:process_memory_win.cc(73)] ReadMemory at 0x1aa0f9fa328 of 512 bytes failed: Only part of a ReadProcessMemory or WriteProcessMemory request was completed. (0x12B)
[1026/190017.094:ERROR:process_memory_win.cc(73)] ReadMemory at 0x1aa0fa39428 of 512 bytes failed: Only part of a ReadProcessMemory or WriteProcessMemory request was completed. (0x12B)
[1026/190017.094:ERROR:process_memory_win.cc(73)] ReadMemory at 0x1aa0fa4d890 of 512 bytes failed: Only part of a ReadProcessMemory or WriteProcessMemory request was completed. (0x12B)
[1026/190017.094:ERROR:process_memory_win.cc(73)] ReadMemory at 0x1aa0fa80af0 of 528 bytes failed: Only part of a ReadProcessMemory or WriteProcessMemory request was completed. (0x12B)
[1026/190017.094:ERROR:process_memory_win.cc(73)] ReadMemory at 0x1aa0faac368 of 512 bytes failed: Only part of a ReadProcessMemory or WriteProcessMemory request was completed. (0x12B)
[1026/190017.095:ERROR:process_memory_win.cc(73)] ReadMemory at 0x1aa104f5db0 of 512 bytes failed: Only part of a ReadProcessMemory or WriteProcessMemory request was completed. (0x12B)
[1026/190017.095:ERROR:process_memory_win.cc(73)] ReadMemory at 0x1aa105a7cd0 of 512 bytes failed: Only part of a ReadProcessMemory or WriteProcessMemory request was completed. (0x12B)
[1026/190017.095:ERROR:process_memory_win.cc(73)] ReadMemory at 0x1aa1068bdf0 of 512 bytes failed: Only part of a ReadProcessMemory or WriteProcessMemory request was completed. (0x12B)
[1026/190017.095:ERROR:process_memory_win.cc(73)] ReadMemory at 0x1aa166bc8f0 of 512 bytes failed: Only part of a ReadProcessMemory or WriteProcessMemory request was completed. (0x12B)
[1026/190017.095:ERROR:process_memory_win.cc(73)] ReadMemory at 0x1aa16884e50 of 512 bytes failed: Only part of a ReadProcessMemory or WriteProcessMemory request was completed. (0x12B)
[1026/190017.095:ERROR:process_memory_win.cc(73)] ReadMemory at 0x1aa168f74a0 of 512 bytes failed: Only part of a ReadProcessMemory or WriteProcessMemory request was completed. (0x12B)
[1026/190017.095:ERROR:process_memory_win.cc(73)] ReadMemory at 0x1aa168f8048 of 512 bytes failed: Only part of a ReadProcessMemory or WriteProcessMemory request was completed. (0x12B)
[1026/190017.095:ERROR:process_memory_win.cc(73)] ReadMemory at 0x1aa1694a9c0 of 512 bytes failed: Only part of a ReadProcessMemory or WriteProcessMemory request was completed. (0x12B)
[1026/190017.095:ERROR:process_memory_win.cc(73)] ReadMemory at 0x1aa16b22160 of 512 bytes failed: Only part of a ReadProcessMemory or WriteProcessMemory request was completed. (0x12B)
[1026/190017.095:ERROR:process_memory_win.cc(73)] ReadMemory at 0x1aa16b31760 of 512 bytes failed: Only part of a ReadProcessMemory or WriteProcessMemory request was completed. (0x12B)
[1026/190017.096:ERROR:process_memory_win.cc(73)] ReadMemory at 0x1aa17a5c0b8 of 512 bytes failed: Only part of a ReadProcessMemory or WriteProcessMemory request was completed. (0x12B)
[1026/190017.096:ERROR:process_memory_win.cc(73)] ReadMemory at 0x1aa17a7cf60 of 512 bytes failed: Only part of a ReadProcessMemory or WriteProcessMemory request was completed. (0x12B)
[1026/190017.096:ERROR:process_memory_win.cc(73)] ReadMemory at 0x1aa19514380 of 516 bytes failed: Only part of a ReadProcessMemory or WriteProcessMemory request was completed. (0x12B)
[1026/190017.096:ERROR:process_memory_win.cc(73)] ReadMemory at 0x1aa19514d84 of 512 bytes failed: Only part of a ReadProcessMemory or WriteProcessMemory request was completed. (0x12B)
[1026/190017.096:ERROR:process_memory_win.cc(73)] ReadMemory at 0x7ff88de8a7b9 of 512 bytes failed: Only part of a ReadProcessMemory or WriteProcessMemory request was completed. (0x12B)
[1026/190017.096:ERROR:process_memory_win.cc(73)] ReadMemory at 0x7ff88e0bb6d0 of 512 bytes failed: Only part of a ReadProcessMemory or WriteProcessMemory request was completed. (0x12B)
[1026/190017.096:ERROR:process_memory_win.cc(73)] ReadMemory at 0x7ff890ea65d3 of 512 bytes failed: Only part of a ReadProcessMemory or WriteProcessMemory request was completed. (0x12B)
[1026/190017.096:ERROR:process_memory_win.cc(73)] ReadMemory at 0x7ff890ecce30 of 512 bytes failed: Only part of a ReadProcessMemory or WriteProcessMemory request was completed. (0x12B)
[1026/190017.096:ERROR:process_memory_win.cc(73)] ReadMemory at 0x7ff890efc0c4 of 672 bytes failed: Only part of a ReadProcessMemory or WriteProcessMemory request was completed. (0x12B)
[1026/190017.096:ERROR:process_memory_win.cc(73)] ReadMemory at 0x7ff890efc6c4 of 512 bytes failed: Only part of a ReadProcessMemory or WriteProcessMemory request was completed. (0x12B)
[1026/190017.096:ERROR:process_memory_win.cc(73)] ReadMemory at 0x7ff890eff974 of 608 bytes failed: Only part of a ReadProcessMemory or WriteProcessMemory request was completed. (0x12B)
[1026/190017.096:ERROR:process_memory_win.cc(73)] ReadMemory at 0x7ff890f8c428 of 18 bytes failed: Only part of a ReadProcessMemory or WriteProcessMemory request was completed. (0x12B)
[1026/190017.097:ERROR:process_memory_win.cc(73)] ReadMemory at 0x7ff890fbf4f8 of 40 bytes failed: Only part of a ReadProcessMemory or WriteProcessMemory request was completed. (0x12B)
[1026/190017.097:ERROR:process_memory_win.cc(73)] ReadMemory at 0x7ff890fbf978 of 48 bytes failed: Only part of a ReadProcessMemory or WriteProcessMemory request was completed. (0x12B)
[1026/190017.097:ERROR:process_memory_win.cc(73)] ReadMemory at 0x7ff890fc53c0 of 64 bytes failed: Only part of a ReadProcessMemory or WriteProcessMemory request was completed. (0x12B)
[1026/190017.097:ERROR:process_memory_win.cc(73)] ReadMemory at 0x7fffe7c538a8 of 512 bytes failed: Only part of a ReadProcessMemory or WriteProcessMemory request was completed. (0x12B)
[1026/190017.097:ERROR:process_memory_win.cc(73)] ReadMemory at 0x7fffe878c0e0 of 512 bytes failed: Only part of a ReadProcessMemory or WriteProcessMemory request was completed. (0x12B)
[1026/190017.101:ERROR:scoped_process_suspend.cc(40)] NtResumeProcess: An attempt was made to access an exiting process. (0xc000010a)
